{
  "stats": {
    "suites": 2,
    "tests": 4,
    "passes": 4,
    "pending": 0,
    "failures": 0,
    "start": "2023-01-21T06:16:09.603Z",
    "end": "2023-01-21T06:16:10.093Z",
    "duration": 490,
    "testsRegistered": 4,
    "passPercent": 100,
    "pendingPercent": 0,
    "other": 0,
    "hasOther": false,
    "skipped": 0,
    "hasSkipped": false
  },
  "results": [
    {
      "uuid": "991d8d53-8f18-4c9c-9dad-9abd4b197461",
      "title": "",
      "fullFile": "",
      "file": "",
      "beforeHooks": [],
      "afterHooks": [],
      "tests": [],
      "suites": [
        {
          "uuid": "1a96613c-141b-44b9-b690-3517d7634863",
          "title": "USER",
          "fullFile": "D:\\VSCode\\API_Testing\\testing\\test\\product_test\\product.js",
          "file": "\\test\\product_test\\product.js",
          "beforeHooks": [],
          "afterHooks": [],
          "tests": [
            {
              "title": "Successfully created user",
              "fullTitle": "USER Successfully created user",
              "timedOut": false,
              "duration": 224,
              "state": "passed",
              "speed": "slow",
              "pass": true,
              "fail": false,
              "pending": false,
              "context": null,
              "code": "return new Promise((resolve,reject) => {\n    agent\n    .post('/register')\n    .set(header)\n    .send(userData)\n    .expect(function (res) {\n        if (res.statusCode == 200){\n            console.log('Create user, responseCode:'+res.body.responseCode)\n        }\n        else{\n            reject(new Error('Create user response code not expected, responseCode:'+res.body.responseCode))\n        }\n    })\n    .end((err,ress)=>{\n        if(err){\n            reject(new Error('There an error: '+res.error))\n        }\n        else{\n            resolve(ress)\n        }\n    })\n})",
              "err": {},
              "uuid": "8b81116b-3549-470a-a869-459578ad14e4",
              "parentUUID": "1a96613c-141b-44b9-b690-3517d7634863",
              "isHook": false,
              "skipped": false
            },
            {
              "title": "Login successfully",
              "fullTitle": "USER Login successfully",
              "timedOut": false,
              "duration": 183,
              "state": "passed",
              "speed": "slow",
              "pass": true,
              "fail": false,
              "pending": false,
              "context": null,
              "code": "return new Promise((resolve,reject) => {\n    const reqBody = {\n        'username': userData.username,\n        'password': '123'\n    }\n    agent\n    .post('/login')\n    .set(header)\n    .send(reqBody)\n    .expect(function (res) {\n        if (res.statusCode == 200){\n            console.log('Login, responseCode:'+res.body.responseCode)\n        }\n        else{\n            reject(new Error('Login response Code not expected, responseCode:'+res.body.responseCode))\n        }\n    })\n    .end((err,ress)=>{\n        if(err){\n            reject(new Error('There an error: '+res.error))\n        }\n        else{\n            resolve(ress)\n        }\n    })\n})",
              "err": {},
              "uuid": "069b1b2f-47d3-4315-8690-731dde10a812",
              "parentUUID": "1a96613c-141b-44b9-b690-3517d7634863",
              "isHook": false,
              "skipped": false
            }
          ],
          "suites": [],
          "passes": [
            "8b81116b-3549-470a-a869-459578ad14e4",
            "069b1b2f-47d3-4315-8690-731dde10a812"
          ],
          "failures": [],
          "pending": [],
          "skipped": [],
          "duration": 407,
          "root": false,
          "rootEmpty": false,
          "_timeout": 2000
        },
        {
          "uuid": "d1283c3e-5cea-42d1-a68b-138c6f8105f1",
          "title": "PRODUCT",
          "fullFile": "D:\\VSCode\\API_Testing\\testing\\test\\product_test\\product.js",
          "file": "\\test\\product_test\\product.js",
          "beforeHooks": [],
          "afterHooks": [],
          "tests": [
            {
              "title": "Successfully added product",
              "fullTitle": "PRODUCT Successfully added product",
              "timedOut": false,
              "duration": 24,
              "state": "passed",
              "speed": "fast",
              "pass": true,
              "fail": false,
              "pending": false,
              "context": null,
              "code": "return new Promise((resolve,reject) => {\n    setup.agent\n    .post('/api/addProduct')\n    .set(header)\n    .send(productData)\n    .expect(function (res) {\n        if (res.statusCode == 200){\n            console.log('Adding products, responseCode:'+res.body.responseCode)\n        }\n        else{\n            reject(new Error('Adding products response code not expected, responseCode:'+res.body.responseCode))\n        }\n    })\n    .end((err,ress)=>{\n        if(err){\n            reject(new Error('There an error: '+res.error))\n        }\n        else{\n            resolve(ress)\n        }\n    })\n})",
              "err": {},
              "uuid": "afa702e3-a919-4a9c-ae3f-6d3fbcefb385",
              "parentUUID": "d1283c3e-5cea-42d1-a68b-138c6f8105f1",
              "isHook": false,
              "skipped": false
            },
            {
              "title": "Successfully get product data",
              "fullTitle": "PRODUCT Successfully get product data",
              "timedOut": false,
              "duration": 13,
              "state": "passed",
              "speed": "fast",
              "pass": true,
              "fail": false,
              "pending": false,
              "context": null,
              "code": "return new Promise((resolve,reject) => {\n    setup.agent\n    .get('/api/products')\n    .set(header)\n    .expect(function (res) {\n        if (res.statusCode == 200){\n            console.log('Get product, responseCode:'+res.body.responseCode)\n        }\n        else{\n            reject(new Error('get product response code not expected, responseCode:'+res.body.responseCode))\n        }\n    })\n    .end((err,ress)=>{\n        if(err){\n            reject(new Error('There an error: '+res.error))\n        }\n        else{\n            resolve(ress)\n        }\n    })\n})",
              "err": {},
              "uuid": "970110a0-aee5-4477-bd6a-fae72f64afbb",
              "parentUUID": "d1283c3e-5cea-42d1-a68b-138c6f8105f1",
              "isHook": false,
              "skipped": false
            }
          ],
          "suites": [],
          "passes": [
            "afa702e3-a919-4a9c-ae3f-6d3fbcefb385",
            "970110a0-aee5-4477-bd6a-fae72f64afbb"
          ],
          "failures": [],
          "pending": [],
          "skipped": [],
          "duration": 37,
          "root": false,
          "rootEmpty": false,
          "_timeout": 2000
        }
      ],
      "passes": [],
      "failures": [],
      "pending": [],
      "skipped": [],
      "duration": 0,
      "root": true,
      "rootEmpty": true,
      "_timeout": 2000
    }
  ],
  "meta": {
    "mocha": {
      "version": "10.2.0"
    },
    "mochawesome": {
      "options": {
        "quiet": false,
        "reportFilename": "mochawesome",
        "saveHtml": true,
        "saveJson": true,
        "consoleReporter": "spec",
        "useInlineDiffs": false,
        "code": true
      },
      "version": "7.1.3"
    },
    "marge": {
      "options": null,
      "version": "6.2.0"
    }
  }
}